<?xml version="1.0" encoding="UTF-8"?>
<beans xmlns="http://www.springframework.org/schema/beans"
	xmlns:xsi="http://www.w3.org/2001/XMLSchema-instance"
	xmlns:context="http://www.springframework.org/schema/context"
	xmlns:p="http://www.springframework.org/schema/p"
	xmlns:tx="http://www.springframework.org/schema/tx"
	xsi:schemaLocation="http://www.springframework.org/schema/beans http://www.springframework.org/schema/beans/spring-beans.xsd
		http://www.springframework.org/schema/tx http://www.springframework.org/schema/tx/spring-tx.xsd
		http://www.springframework.org/schema/context http://www.springframework.org/schema/context/spring-context.xsd">
 
    <!-- holding properties for database connectivity /-->
    <context:property-placeholder location="classpath:jdbc.properties"/>

    <!-- enabling annotation driven configuration /-->
    <context:annotation-config/>
    
     <bean id="loan" class="es.unileon.ulebank.assets.Loan">
       		<constructor-arg>
       			<value>MG-4-2014-ES-KMW2C-7</value>
       		</constructor-arg>
       		<constructor-arg>
       			<value type="java.lang.Double">100000</value>
       		</constructor-arg>
       		<constructor-arg>
       			<value type="java.lang.Double">0.05</value>
       		</constructor-arg>
       		<constructor-arg>
       			<value >MONTHLY</value>
       		</constructor-arg>
       		<constructor-arg>
       			<value type="int">24</value>
       		</constructor-arg>
       		<constructor-arg>
       			<ref bean="account"/>
       		</constructor-arg>
       		<constructor-arg>
       			<ref bean="client"/>
       		</constructor-arg>	
       </bean>
       
       <bean id="client" class="es.unileon.ulebank.client.Client">
         <constructor-arg>
         	<value>71560136Y</value>
         </constructor-arg>
         <property name="name"><value type="java.lang.String">Carlos</value></property>      
         <property name="surname"><value type="java.lang.String">Mayo</value></property>
       </bean>
       
       <bean id="account" class="es.unileon.ulebank.account.Account">
       		<constructor-arg>
       			<value>123412340000000000</value>
       		</constructor-arg>
       </bean>

       
       <bean id="office" class= "es.unileon.ulebank.office.Office">
       	<constructor-arg>
       		<value>1234</value>
       	</constructor-arg>
       	<constructor-arg>
       	<ref bean="bank"/>
       	</constructor-arg>
       </bean>
       
       <bean id="bank" class= "es.unileon.ulebank.bank.Bank">
       	<constructor-arg>
       	<ref bean="manager"/>
       	</constructor-arg>
       	<constructor-arg>
       		<value>1234</value>
       	</constructor-arg>
       </bean>
       
       <bean id="manager" class = "es.unileon.ulebank.transacionManager.TransactionManager"></bean>
 
    <bean id="dataSource" class="org.springframework.jdbc.datasource.DriverManagerDataSource">
      <property name="driverClassName" value="${jdbc.driverClassName}"/>
      <property name="url" value="${jdbc.url}"/>
      <property name="username"  value="${jdbc.username}"/>
      <property name="password" value="${jdbc.password}"/>
    </bean>

    <bean id="entityManagerFactory"
	class="org.springframework.orm.jpa.LocalContainerEntityManagerFactoryBean"
	p:dataSource-ref="dataSource"
	p:jpaVendorAdapter-ref="jpaAdapter">
	<property name="loadTimeWeaver">
          <bean class="org.springframework.instrument.classloading.InstrumentationLoadTimeWeaver"/>
        </property>                             
        <property name="persistenceUnitName" value="springappPU"></property>
    </bean>
	 
    <bean id="jpaAdapter"
	class="org.springframework.orm.jpa.vendor.HibernateJpaVendorAdapter"
	p:database="${jpa.database}"
	p:showSql="${jpa.showSql}"/>

    <bean id="transactionManager" class="org.springframework.orm.jpa.JpaTransactionManager"
	p:entityManagerFactory-ref="entityManagerFactory"/>

    <tx:annotation-driven transaction-manager="transactionManager"/>

    <!-- Scans the classpath of this application for @Components to deploy as beans -->
    <context:component-scan base-package="es.unileon.springapp.repository" />
    <context:component-scan base-package="es.unileon" />

</beans>